[debug] [2019-02-06T13:35:46.148Z] ----------------------------------------------------------------------
[debug] [2019-02-06T13:35:46.153Z] Command:       C:\Program Files\nodejs\node.exe C:\Users\Charly\AppData\Roaming\npm\node_modules\firebase-tools\lib\bin\firebase.js deploy
[debug] [2019-02-06T13:35:46.153Z] CLI Version:   6.3.1
[debug] [2019-02-06T13:35:46.153Z] Platform:      win32
[debug] [2019-02-06T13:35:46.153Z] Node Version:  v10.14.1
[debug] [2019-02-06T13:35:46.155Z] Time:          Wed Feb 06 2019 13:35:46 GMT+0000 (Greenwich Mean Time)
[debug] [2019-02-06T13:35:46.155Z] ----------------------------------------------------------------------
[debug] 
[debug] [2019-02-06T13:35:46.187Z] > command requires scopes: ["email","openid","https://www.googleapis.com/auth/cloudplatformprojects.readonly","https://www.googleapis.com/auth/firebase","https://www.googleapis.com/auth/cloud-platform"]
[debug] [2019-02-06T13:35:46.191Z] > authorizing via signed-in user
[debug] [2019-02-06T13:35:46.191Z] [iam] checking project hearthstone-card-viewer for permissions ["firebase.projects.get","firebasehosting.sites.update"]
[debug] [2019-02-06T13:35:46.195Z] > refreshing access token with scopes: ["email","https://www.googleapis.com/auth/cloud-platform","https://www.googleapis.com/auth/cloudplatformprojects.readonly","https://www.googleapis.com/auth/firebase","openid"]
[debug] [2019-02-06T13:35:46.196Z] >>> HTTP REQUEST POST https://www.googleapis.com/oauth2/v3/token  
 <request body omitted>
[debug] [2019-02-06T13:35:46.407Z] <<< HTTP RESPONSE 200
[debug] [2019-02-06T13:35:46.633Z] >>> HTTP REQUEST POST https://cloudresourcemanager.googleapis.com/v1/projects/hearthstone-card-viewer:testIamPermissions  

[debug] [2019-02-06T13:35:47.391Z] <<< HTTP RESPONSE 200
[debug] [2019-02-06T13:35:47.393Z] >>> HTTP REQUEST GET https://firebase.googleapis.com/v1beta1/projects/hearthstone-card-viewer  
 
[debug] [2019-02-06T13:35:47.662Z] <<< HTTP RESPONSE 200
[info] 
[info] === Deploying to 'hearthstone-card-viewer'...
[info] 
[info] i  deploying hosting
[debug] [2019-02-06T13:35:47.719Z] >>> HTTP REQUEST POST https://firebasehosting.googleapis.com/v1beta1/sites/hearthstone-card-viewer/versions  

[debug] [2019-02-06T13:35:48.613Z] <<< HTTP RESPONSE 500
[debug] [2019-02-06T13:35:48.614Z] <<< HTTP RESPONSE BODY
[error] 
[error] Error: HTTP Error: 500, Internal error encountered.
[debug] [2019-02-06T13:35:48.700Z] Error Context: {
  "body": {
    "error": {
      "code": 500,
      "message": "Internal error encountered.",
      "status": "INTERNAL"
    }
  },
  "response": {
    "statusCode": 500,
    "body": {
      "error": {
        "code": 500,
        "message": "Internal error encountered.",
        "status": "INTERNAL"
      }
    },
    "headers": {
      "vary": "X-Origin, Referer, Origin,Accept-Encoding",
      "content-type": "application/json; charset=UTF-8",
      "date": "Wed, 06 Feb 2019 13:35:48 GMT",
      "server": "ESF",
      "cache-control": "private",
      "x-xss-protection": "1; mode=block",
      "x-frame-options": "SAMEORIGIN",
      "x-content-type-options": "nosniff",
      "alt-svc": "quic=\":443\"; ma=2592000; v=\"44,43,39\"",
      "accept-ranges": "none",
      "transfer-encoding": "chunked"
    },
    "request": {
      "uri": {
        "protocol": "https:",
        "slashes": true,
        "auth": null,
        "host": "firebasehosting.googleapis.com",
        "port": 443,
        "hostname": "firebasehosting.googleapis.com",
        "hash": null,
        "search": null,
        "query": null,
        "pathname": "/v1beta1/sites/hearthstone-card-viewer/versions",
        "path": "/v1beta1/sites/hearthstone-card-viewer/versions",
        "href": "https://firebasehosting.googleapis.com/v1beta1/sites/hearthstone-card-viewer/versions"
      },
      "method": "POST"
    }
  }
}
[debug] [2019-02-06T13:35:59.345Z] ----------------------------------------------------------------------
[debug] [2019-02-06T13:35:59.350Z] Command:       C:\Program Files\nodejs\node.exe C:\Users\Charly\AppData\Roaming\npm\node_modules\firebase-tools\lib\bin\firebase.js deploy
[debug] [2019-02-06T13:35:59.350Z] CLI Version:   6.3.1
[debug] [2019-02-06T13:35:59.350Z] Platform:      win32
[debug] [2019-02-06T13:35:59.350Z] Node Version:  v10.14.1
[debug] [2019-02-06T13:35:59.352Z] Time:          Wed Feb 06 2019 13:35:59 GMT+0000 (Greenwich Mean Time)
[debug] [2019-02-06T13:35:59.352Z] ----------------------------------------------------------------------
[debug] 
[debug] [2019-02-06T13:35:59.388Z] > command requires scopes: ["email","openid","https://www.googleapis.com/auth/cloudplatformprojects.readonly","https://www.googleapis.com/auth/firebase","https://www.googleapis.com/auth/cloud-platform"]
[debug] [2019-02-06T13:35:59.390Z] > authorizing via signed-in user
[debug] [2019-02-06T13:35:59.390Z] [iam] checking project hearthstone-card-viewer for permissions ["firebase.projects.get","firebasehosting.sites.update"]
[debug] [2019-02-06T13:35:59.396Z] >>> HTTP REQUEST POST https://cloudresourcemanager.googleapis.com/v1/projects/hearthstone-card-viewer:testIamPermissions  

[debug] [2019-02-06T13:36:00.250Z] <<< HTTP RESPONSE 200
[debug] [2019-02-06T13:36:00.254Z] >>> HTTP REQUEST GET https://firebase.googleapis.com/v1beta1/projects/hearthstone-card-viewer  
 
[debug] [2019-02-06T13:36:00.473Z] <<< HTTP RESPONSE 200
[info] 
[info] === Deploying to 'hearthstone-card-viewer'...
[info] 
[info] i  deploying hosting
[debug] [2019-02-06T13:36:00.489Z] >>> HTTP REQUEST POST https://firebasehosting.googleapis.com/v1beta1/sites/hearthstone-card-viewer/versions  

[debug] [2019-02-06T13:36:01.328Z] <<< HTTP RESPONSE 500
[debug] [2019-02-06T13:36:01.328Z] <<< HTTP RESPONSE BODY
[error] 
[error] Error: HTTP Error: 500, Internal error encountered.
[debug] [2019-02-06T13:36:01.401Z] Error Context: {
  "body": {
    "error": {
      "code": 500,
      "message": "Internal error encountered.",
      "status": "INTERNAL"
    }
  },
  "response": {
    "statusCode": 500,
    "body": {
      "error": {
        "code": 500,
        "message": "Internal error encountered.",
        "status": "INTERNAL"
      }
    },
    "headers": {
      "vary": "X-Origin, Referer, Origin,Accept-Encoding",
      "content-type": "application/json; charset=UTF-8",
      "date": "Wed, 06 Feb 2019 13:36:01 GMT",
      "server": "ESF",
      "cache-control": "private",
      "x-xss-protection": "1; mode=block",
      "x-frame-options": "SAMEORIGIN",
      "x-content-type-options": "nosniff",
      "alt-svc": "quic=\":443\"; ma=2592000; v=\"44,43,39\"",
      "accept-ranges": "none",
      "transfer-encoding": "chunked"
    },
    "request": {
      "uri": {
        "protocol": "https:",
        "slashes": true,
        "auth": null,
        "host": "firebasehosting.googleapis.com",
        "port": 443,
        "hostname": "firebasehosting.googleapis.com",
        "hash": null,
        "search": null,
        "query": null,
        "pathname": "/v1beta1/sites/hearthstone-card-viewer/versions",
        "path": "/v1beta1/sites/hearthstone-card-viewer/versions",
        "href": "https://firebasehosting.googleapis.com/v1beta1/sites/hearthstone-card-viewer/versions"
      },
      "method": "POST"
    }
  }
}
[debug] [2019-02-06T13:37:48.060Z] ----------------------------------------------------------------------
[debug] [2019-02-06T13:37:48.110Z] Command:       C:\Program Files\nodejs\node.exe C:\Users\Charly\AppData\Roaming\npm\node_modules\firebase-tools\lib\bin\firebase.js deploy
[debug] [2019-02-06T13:37:48.110Z] CLI Version:   6.3.1
[debug] [2019-02-06T13:37:48.110Z] Platform:      win32
[debug] [2019-02-06T13:37:48.111Z] Node Version:  v10.14.1
[debug] [2019-02-06T13:37:48.112Z] Time:          Wed Feb 06 2019 13:37:48 GMT+0000 (Greenwich Mean Time)
[debug] [2019-02-06T13:37:48.113Z] ----------------------------------------------------------------------
[debug] 
[debug] [2019-02-06T13:37:48.189Z] > command requires scopes: ["email","openid","https://www.googleapis.com/auth/cloudplatformprojects.readonly","https://www.googleapis.com/auth/firebase","https://www.googleapis.com/auth/cloud-platform"]
[debug] [2019-02-06T13:37:48.192Z] > authorizing via signed-in user
[debug] [2019-02-06T13:37:48.193Z] [iam] checking project hearthstone-card-viewer for permissions ["firebase.projects.get","firebasehosting.sites.update"]
[debug] [2019-02-06T13:37:48.209Z] >>> HTTP REQUEST POST https://cloudresourcemanager.googleapis.com/v1/projects/hearthstone-card-viewer:testIamPermissions  

[debug] [2019-02-06T13:37:49.051Z] <<< HTTP RESPONSE 200
[debug] [2019-02-06T13:37:49.055Z] >>> HTTP REQUEST GET https://firebase.googleapis.com/v1beta1/projects/hearthstone-card-viewer  
 
[debug] [2019-02-06T13:37:49.297Z] <<< HTTP RESPONSE 200
[info] 
[info] === Deploying to 'hearthstone-card-viewer'...
[info] 
[info] i  deploying hosting
[debug] [2019-02-06T13:37:49.315Z] >>> HTTP REQUEST POST https://firebasehosting.googleapis.com/v1beta1/sites/hearthstone-card-viewer/versions  

[debug] [2019-02-06T13:37:50.192Z] <<< HTTP RESPONSE 500
[debug] [2019-02-06T13:37:50.192Z] <<< HTTP RESPONSE BODY
[error] 
[error] Error: HTTP Error: 500, Internal error encountered.
[debug] [2019-02-06T13:37:50.260Z] Error Context: {
  "body": {
    "error": {
      "code": 500,
      "message": "Internal error encountered.",
      "status": "INTERNAL"
    }
  },
  "response": {
    "statusCode": 500,
    "body": {
      "error": {
        "code": 500,
        "message": "Internal error encountered.",
        "status": "INTERNAL"
      }
    },
    "headers": {
      "vary": "X-Origin, Referer, Origin,Accept-Encoding",
      "content-type": "application/json; charset=UTF-8",
      "date": "Wed, 06 Feb 2019 13:37:50 GMT",
      "server": "ESF",
      "cache-control": "private",
      "x-xss-protection": "1; mode=block",
      "x-frame-options": "SAMEORIGIN",
      "x-content-type-options": "nosniff",
      "alt-svc": "quic=\":443\"; ma=2592000; v=\"44,43,39\"",
      "accept-ranges": "none",
      "transfer-encoding": "chunked"
    },
    "request": {
      "uri": {
        "protocol": "https:",
        "slashes": true,
        "auth": null,
        "host": "firebasehosting.googleapis.com",
        "port": 443,
        "hostname": "firebasehosting.googleapis.com",
        "hash": null,
        "search": null,
        "query": null,
        "pathname": "/v1beta1/sites/hearthstone-card-viewer/versions",
        "path": "/v1beta1/sites/hearthstone-card-viewer/versions",
        "href": "https://firebasehosting.googleapis.com/v1beta1/sites/hearthstone-card-viewer/versions"
      },
      "method": "POST"
    }
  }
}
